MSBuild version 17.7.3+8ec440e68 for .NET
  Determining projects to restore...
  All projects are up-to-date for restore.
  UserApi -> /workspaces/Final-Project-AAMM/backend/src/UserApi/bin/Debug/net7.0/UserApi.dll
/workspaces/Final-Project-AAMM/backend/tests/UserApiTests/UserServiceTests.cs(156,13): error CS1525: Invalid expression term 'byte' [/workspaces/Final-Project-AAMM/backend/tests/UserApiTests/UserApiTests.csproj]
/workspaces/Final-Project-AAMM/backend/tests/UserApiTests/UserServiceTests.cs(156,18): error CS0443: Syntax error; value expected [/workspaces/Final-Project-AAMM/backend/tests/UserApiTests/UserApiTests.csproj]
/workspaces/Final-Project-AAMM/backend/tests/UserApiTests/UserServiceTests.cs(156,20): error CS1002: ; expected [/workspaces/Final-Project-AAMM/backend/tests/UserApiTests/UserApiTests.csproj]
/workspaces/Final-Project-AAMM/backend/tests/UserApiTests/UserServiceTests.cs(156,26): error CS1525: Invalid expression term 'return' [/workspaces/Final-Project-AAMM/backend/tests/UserApiTests/UserApiTests.csproj]
/workspaces/Final-Project-AAMM/backend/tests/UserApiTests/UserServiceTests.cs(156,26): error CS1002: ; expected [/workspaces/Final-Project-AAMM/backend/tests/UserApiTests/UserApiTests.csproj]

Build FAILED.

/workspaces/Final-Project-AAMM/backend/tests/UserApiTests/UserServiceTests.cs(156,13): error CS1525: Invalid expression term 'byte' [/workspaces/Final-Project-AAMM/backend/tests/UserApiTests/UserApiTests.csproj]
/workspaces/Final-Project-AAMM/backend/tests/UserApiTests/UserServiceTests.cs(156,18): error CS0443: Syntax error; value expected [/workspaces/Final-Project-AAMM/backend/tests/UserApiTests/UserApiTests.csproj]
/workspaces/Final-Project-AAMM/backend/tests/UserApiTests/UserServiceTests.cs(156,20): error CS1002: ; expected [/workspaces/Final-Project-AAMM/backend/tests/UserApiTests/UserApiTests.csproj]
/workspaces/Final-Project-AAMM/backend/tests/UserApiTests/UserServiceTests.cs(156,26): error CS1525: Invalid expression term 'return' [/workspaces/Final-Project-AAMM/backend/tests/UserApiTests/UserApiTests.csproj]
/workspaces/Final-Project-AAMM/backend/tests/UserApiTests/UserServiceTests.cs(156,26): error CS1002: ; expected [/workspaces/Final-Project-AAMM/backend/tests/UserApiTests/UserApiTests.csproj]
    0 Warning(s)
    5 Error(s)

Time Elapsed 00:00:04.88
